<?xml version="1.0" encoding="UTF-8"?>
<testsuite xmlns:xsi="http://www.w3.org/2001/XMLSchema-instance" xsi:noNamespaceSchemaLocation="https://maven.apache.org/surefire/maven-surefire-plugin/xsd/surefire-test-report-3.0.xsd" version="3.0" name="bankAccountApp.BankAccountTest" time="0.093" tests="11" errors="0" skipped="0" failures="0">
  <properties>
[...]
</properties>
  <testcase name="testWithdrawMoney_JustBelowLimit" classname="bankAccountApp.BankAccountTest" time="0.003"/>
  <testcase name="testWithdrawMoney_AtExactLimit" classname="bankAccountApp.BankAccountTest" time="0.0"/>
  <testcase name="testWithdrawMoney_ExceedsWithdrawLimit" classname="bankAccountApp.BankAccountTest" time="0.0"/>
  <testcase name="testDepositMoney_NegativeAmount" classname="bankAccountApp.BankAccountTest" time="0.0"/>
  <testcase name="testWithdrawMoney_ExceedsBalance" classname="bankAccountApp.BankAccountTest" time="0.0"/>
  <testcase name="testWithdrawMoney_ExceedsDailyLimit" classname="bankAccountApp.BankAccountTest" time="0.0"/>
  <testcase name="testDepositMoney_Zero" classname="bankAccountApp.BankAccountTest" time="0.0"/>
  <testcase name="testDepositMoney_HappyPath" classname="bankAccountApp.BankAccountTest" time="0.0"/>
  <testcase name="testWithdrawMoney_HappyPath" classname="bankAccountApp.BankAccountTest" time="0.0"/>
  <testcase name="testWithdrawMoney_NegativeAmount" classname="bankAccountApp.BankAccountTest" time="0.0"/>
  <testcase name="testDepositMoney_MultipleDeposits" classname="bankAccountApp.BankAccountTest" time="0.0"/>
</testsuite>